  Aliens_Fireteam_Elite_external_hack.cpp
C:\Users\mikag\source\repos\Aliens_Fireteam_Elite_external_hack\Aliens_Fireteam_Elite_external_hack\game_pointers.h(565,5): warning C4838: conversion from 'int' to 'char' requires a narrowing conversion
C:\Users\mikag\source\repos\Aliens_Fireteam_Elite_external_hack\Aliens_Fireteam_Elite_external_hack\game_pointers.h(565,5): warning C4309: 'initializing': truncation of constant value
C:\Users\mikag\source\repos\Aliens_Fireteam_Elite_external_hack\Aliens_Fireteam_Elite_external_hack\game_pointers.h(566,5): warning C4838: conversion from 'int' to 'char' requires a narrowing conversion
C:\Users\mikag\source\repos\Aliens_Fireteam_Elite_external_hack\Aliens_Fireteam_Elite_external_hack\game_pointers.h(566,5): warning C4309: 'initializing': truncation of constant value
C:\Users\mikag\source\repos\Aliens_Fireteam_Elite_external_hack\Aliens_Fireteam_Elite_external_hack\game_pointers.h(567,5): warning C4838: conversion from 'int' to 'char' requires a narrowing conversion
C:\Users\mikag\source\repos\Aliens_Fireteam_Elite_external_hack\Aliens_Fireteam_Elite_external_hack\game_pointers.h(567,5): warning C4309: 'initializing': truncation of constant value
C:\Users\mikag\source\repos\Aliens_Fireteam_Elite_external_hack\Aliens_Fireteam_Elite_external_hack\game_pointers.h(568,5): warning C4838: conversion from 'int' to 'char' requires a narrowing conversion
C:\Users\mikag\source\repos\Aliens_Fireteam_Elite_external_hack\Aliens_Fireteam_Elite_external_hack\game_pointers.h(568,5): warning C4309: 'initializing': truncation of constant value
C:\Users\mikag\source\repos\Aliens_Fireteam_Elite_external_hack\Aliens_Fireteam_Elite_external_hack\game_pointers.h(569,5): warning C4838: conversion from 'int' to 'char' requires a narrowing conversion
C:\Users\mikag\source\repos\Aliens_Fireteam_Elite_external_hack\Aliens_Fireteam_Elite_external_hack\game_pointers.h(569,5): warning C4309: 'initializing': truncation of constant value
C:\Users\mikag\source\repos\Aliens_Fireteam_Elite_external_hack\Aliens_Fireteam_Elite_external_hack\game_pointers.h(570,5): warning C4838: conversion from 'int' to 'char' requires a narrowing conversion
C:\Users\mikag\source\repos\Aliens_Fireteam_Elite_external_hack\Aliens_Fireteam_Elite_external_hack\game_pointers.h(570,5): warning C4309: 'initializing': truncation of constant value
C:\Users\mikag\source\repos\Aliens_Fireteam_Elite_external_hack\Aliens_Fireteam_Elite_external_hack\game_pointers.h(571,5): warning C4838: conversion from 'int' to 'char' requires a narrowing conversion
C:\Users\mikag\source\repos\Aliens_Fireteam_Elite_external_hack\Aliens_Fireteam_Elite_external_hack\game_pointers.h(571,5): warning C4309: 'initializing': truncation of constant value
C:\Users\mikag\source\repos\Aliens_Fireteam_Elite_external_hack\Aliens_Fireteam_Elite_external_hack\game_pointers.h(572,5): warning C4838: conversion from 'int' to 'char' requires a narrowing conversion
C:\Users\mikag\source\repos\Aliens_Fireteam_Elite_external_hack\Aliens_Fireteam_Elite_external_hack\game_pointers.h(572,5): warning C4309: 'initializing': truncation of constant value
C:\Users\mikag\source\repos\Aliens_Fireteam_Elite_external_hack\Aliens_Fireteam_Elite_external_hack\game_pointers.h(586,5): warning C4838: conversion from 'int' to 'char' requires a narrowing conversion
C:\Users\mikag\source\repos\Aliens_Fireteam_Elite_external_hack\Aliens_Fireteam_Elite_external_hack\game_pointers.h(586,5): warning C4309: 'initializing': truncation of constant value
C:\Users\mikag\source\repos\Aliens_Fireteam_Elite_external_hack\Aliens_Fireteam_Elite_external_hack\game_pointers.h(587,5): warning C4838: conversion from 'int' to 'char' requires a narrowing conversion
C:\Users\mikag\source\repos\Aliens_Fireteam_Elite_external_hack\Aliens_Fireteam_Elite_external_hack\game_pointers.h(587,5): warning C4309: 'initializing': truncation of constant value
C:\Users\mikag\source\repos\Aliens_Fireteam_Elite_external_hack\Aliens_Fireteam_Elite_external_hack\game_pointers.h(588,5): warning C4838: conversion from 'int' to 'char' requires a narrowing conversion
C:\Users\mikag\source\repos\Aliens_Fireteam_Elite_external_hack\Aliens_Fireteam_Elite_external_hack\game_pointers.h(588,5): warning C4309: 'initializing': truncation of constant value
C:\Users\mikag\source\repos\Aliens_Fireteam_Elite_external_hack\Aliens_Fireteam_Elite_external_hack\game_pointers.h(589,5): warning C4838: conversion from 'int' to 'char' requires a narrowing conversion
C:\Users\mikag\source\repos\Aliens_Fireteam_Elite_external_hack\Aliens_Fireteam_Elite_external_hack\game_pointers.h(589,5): warning C4309: 'initializing': truncation of constant value
C:\Users\mikag\source\repos\Aliens_Fireteam_Elite_external_hack\Aliens_Fireteam_Elite_external_hack\game_pointers.h(590,5): warning C4838: conversion from 'int' to 'char' requires a narrowing conversion
C:\Users\mikag\source\repos\Aliens_Fireteam_Elite_external_hack\Aliens_Fireteam_Elite_external_hack\game_pointers.h(590,5): warning C4309: 'initializing': truncation of constant value
C:\Users\mikag\source\repos\Aliens_Fireteam_Elite_external_hack\Aliens_Fireteam_Elite_external_hack\game_pointers.h(591,5): warning C4838: conversion from 'int' to 'char' requires a narrowing conversion
C:\Users\mikag\source\repos\Aliens_Fireteam_Elite_external_hack\Aliens_Fireteam_Elite_external_hack\game_pointers.h(591,5): warning C4309: 'initializing': truncation of constant value
C:\Users\mikag\source\repos\Aliens_Fireteam_Elite_external_hack\Aliens_Fireteam_Elite_external_hack\game_pointers.h(592,5): warning C4838: conversion from 'int' to 'char' requires a narrowing conversion
C:\Users\mikag\source\repos\Aliens_Fireteam_Elite_external_hack\Aliens_Fireteam_Elite_external_hack\game_pointers.h(592,5): warning C4309: 'initializing': truncation of constant value
C:\Users\mikag\source\repos\Aliens_Fireteam_Elite_external_hack\Aliens_Fireteam_Elite_external_hack\game_pointers.h(593,5): warning C4838: conversion from 'int' to 'char' requires a narrowing conversion
C:\Users\mikag\source\repos\Aliens_Fireteam_Elite_external_hack\Aliens_Fireteam_Elite_external_hack\game_pointers.h(593,5): warning C4309: 'initializing': truncation of constant value
C:\Users\mikag\source\repos\Aliens_Fireteam_Elite_external_hack\Aliens_Fireteam_Elite_external_hack\game_pointers.h(670,5): warning C4838: conversion from 'int' to 'char' requires a narrowing conversion
C:\Users\mikag\source\repos\Aliens_Fireteam_Elite_external_hack\Aliens_Fireteam_Elite_external_hack\game_pointers.h(670,5): warning C4309: 'initializing': truncation of constant value
C:\Users\mikag\source\repos\Aliens_Fireteam_Elite_external_hack\Aliens_Fireteam_Elite_external_hack\game_pointers.h(671,5): warning C4838: conversion from 'int' to 'char' requires a narrowing conversion
C:\Users\mikag\source\repos\Aliens_Fireteam_Elite_external_hack\Aliens_Fireteam_Elite_external_hack\game_pointers.h(671,5): warning C4309: 'initializing': truncation of constant value
C:\Users\mikag\source\repos\Aliens_Fireteam_Elite_external_hack\Aliens_Fireteam_Elite_external_hack\game_pointers.h(672,5): warning C4838: conversion from 'int' to 'char' requires a narrowing conversion
C:\Users\mikag\source\repos\Aliens_Fireteam_Elite_external_hack\Aliens_Fireteam_Elite_external_hack\game_pointers.h(672,5): warning C4309: 'initializing': truncation of constant value
C:\Users\mikag\source\repos\Aliens_Fireteam_Elite_external_hack\Aliens_Fireteam_Elite_external_hack\game_pointers.h(673,5): warning C4838: conversion from 'int' to 'char' requires a narrowing conversion
C:\Users\mikag\source\repos\Aliens_Fireteam_Elite_external_hack\Aliens_Fireteam_Elite_external_hack\game_pointers.h(673,5): warning C4309: 'initializing': truncation of constant value
C:\Users\mikag\source\repos\Aliens_Fireteam_Elite_external_hack\Aliens_Fireteam_Elite_external_hack\game_pointers.h(674,5): warning C4838: conversion from 'int' to 'char' requires a narrowing conversion
C:\Users\mikag\source\repos\Aliens_Fireteam_Elite_external_hack\Aliens_Fireteam_Elite_external_hack\game_pointers.h(674,5): warning C4309: 'initializing': truncation of constant value
C:\Users\mikag\source\repos\Aliens_Fireteam_Elite_external_hack\Aliens_Fireteam_Elite_external_hack\Aliens_Fireteam_Elite_external_hack.cpp(72,37): warning C4838: conversion from 'int' to 'char' requires a narrowing conversion
C:\Users\mikag\source\repos\Aliens_Fireteam_Elite_external_hack\Aliens_Fireteam_Elite_external_hack\Aliens_Fireteam_Elite_external_hack.cpp(72,37): warning C4309: 'initializing': truncation of constant value
C:\Users\mikag\source\repos\Aliens_Fireteam_Elite_external_hack\Aliens_Fireteam_Elite_external_hack\Aliens_Fireteam_Elite_external_hack.cpp(134,34): warning C4838: conversion from 'int' to 'char' requires a narrowing conversion
C:\Users\mikag\source\repos\Aliens_Fireteam_Elite_external_hack\Aliens_Fireteam_Elite_external_hack\Aliens_Fireteam_Elite_external_hack.cpp(134,34): warning C4309: 'initializing': truncation of constant value
C:\Users\mikag\source\repos\Aliens_Fireteam_Elite_external_hack\Aliens_Fireteam_Elite_external_hack\Aliens_Fireteam_Elite_external_hack.cpp(148,34): warning C4838: conversion from 'int' to 'char' requires a narrowing conversion
C:\Users\mikag\source\repos\Aliens_Fireteam_Elite_external_hack\Aliens_Fireteam_Elite_external_hack\Aliens_Fireteam_Elite_external_hack.cpp(148,34): warning C4309: 'initializing': truncation of constant value
C:\Users\mikag\source\repos\Aliens_Fireteam_Elite_external_hack\Aliens_Fireteam_Elite_external_hack\Aliens_Fireteam_Elite_external_hack.cpp(212,23): warning C4838: conversion from 'int' to 'char' requires a narrowing conversion
C:\Users\mikag\source\repos\Aliens_Fireteam_Elite_external_hack\Aliens_Fireteam_Elite_external_hack\Aliens_Fireteam_Elite_external_hack.cpp(212,23): warning C4309: 'initializing': truncation of constant value
C:\Users\mikag\source\repos\Aliens_Fireteam_Elite_external_hack\Aliens_Fireteam_Elite_external_hack\Aliens_Fireteam_Elite_external_hack.cpp(360,17): warning C4477: 'scanf_s' : format string '%s' requires an argument of type 'unsigned int', but variadic argument 2 has type 'size_t'
C:\Users\mikag\source\repos\Aliens_Fireteam_Elite_external_hack\Aliens_Fireteam_Elite_external_hack\Aliens_Fireteam_Elite_external_hack.cpp(360,17): message : this argument is used as a buffer size
  Generating code
  1 of 63 functions ( 1.6%) were compiled, the rest were copied from previous compilation.
    0 functions were new in current compilation
    1 functions had inline decision re-evaluated but remain unchanged
  Finished generating code
  Aliens_Fireteam_Elite_external_hack.vcxproj -> C:\Users\mikag\source\repos\Aliens_Fireteam_Elite_external_hack\x64\Release\Aliens_Fireteam_Elite_external_hack.exe
